d:\vs\radio-track\radio_track\x64\release\moc_factory.obj
d:\vs\radio-track\radio_track\x64\release\moc_surfacegraph.obj
d:\vs\radio-track\radio_track\x64\release\moc_settingcontroll.obj
d:\vs\radio-track\radio_track\x64\release\moc_interfacedrawrt.obj
d:\vs\radio-track\radio_track\x64\release\moc_workwithunit.obj
d:\vs\radio-track\radio_track\x64\release\moc_imagemanager_req.obj
d:\vs\radio-track\radio_track\x64\release\moc_mapcontrol_req.obj
d:\vs\radio-track\radio_track\x64\release\moc_baseinterface.obj
d:\vs\radio-track\radio_track\x64\release\moc_formunit.obj
d:\vs\radio-track\radio_track\x64\release\moc_topographyseries.obj
d:\vs\radio-track\radio_track\x64\release\moc_3dform.obj
d:\vs\radio-track\radio_track\x64\release\moc_drawstep.obj
d:\vs\radio-track\radio_track\x64\release\moc_settingshardware.obj
d:\vs\radio-track\radio_track\x64\release\moc_layermanager_req.obj
d:\vs\radio-track\radio_track\x64\release\moc_todegree.obj
d:\vs\radio-track\radio_track\x64\release\moc_radio_track.obj
d:\vs\radio-track\radio_track\x64\release\moc_map_widget.obj
d:\vs\radio-track\radio_track\x64\release\moc_tablemodel.obj
d:\vs\radio-track\radio_track\x64\release\moc_widgetcoordinate.obj
d:\vs\radio-track\radio_track\x64\release\moc_dynamicinterface.obj
d:\vs\radio-track\radio_track\x64\release\moc_layer_req.obj
d:\vs\radio-track\radio_track\x64\release\qrc_radio_track.obj
d:\vs\radio-track\radio_track\x64\release\moc_paramnet.obj
d:\vs\radio-track\radio_track\x64\release\moc_settingsform.obj
d:\vs\radio-track\radio_track\x64\release\h0function.obj
d:\vs\radio-track\radio_track\x64\release\linearleastsquaresfit.obj
d:\vs\radio-track\radio_track\x64\release\troposcatterloss.obj
d:\vs\radio-track\radio_track\x64\release\coordinate.obj
d:\vs\radio-track\radio_track\x64\release\maplayer_req.obj
d:\vs\radio-track\radio_track\x64\release\workwithjson.obj
d:\vs\radio-track\radio_track\x64\release\initializearea.obj
d:\vs\radio-track\radio_track\x64\release\itm_area.obj
d:\vs\radio-track\radio_track\x64\release\smoothearthdiffraction.obj
d:\vs\radio-track\radio_track\x64\release\calc_coverage.obj
d:\vs\radio-track\radio_track\x64\release\interfacedrawrt.obj
d:\vs\radio-track\radio_track\x64\release\settingsform.obj
d:\vs\radio-track\radio_track\x64\release\main.obj
d:\vs\radio-track\radio_track\x64\release\computedeltah.obj
d:\vs\radio-track\radio_track\x64\release\quickpfl.obj
d:\vs\radio-track\radio_track\x64\release\calculatetile.obj
d:\vs\radio-track\radio_track\x64\release\imagemanager_req.obj
d:\vs\radio-track\radio_track\x64\release\settingshardware.obj
d:\vs\radio-track\radio_track\x64\release\findhorizons.obj
d:\vs\radio-track\radio_track\x64\release\itm_p2p.obj
d:\vs\radio-track\radio_track\x64\release\terrainroughness.obj
d:\vs\radio-track\radio_track\x64\release\calculatepoint.obj
d:\vs\radio-track\radio_track\x64\release\layer_req.obj
d:\vs\radio-track\radio_track\x64\release\workwithhardware.obj
d:\vs\radio-track\radio_track\x64\release\surfacegraph.obj
d:\vs\radio-track\radio_track\x64\release\radio_track.obj
d:\vs\radio-track\radio_track\x64\release\initializepointtopoint.obj
d:\vs\radio-track\radio_track\x64\release\longleyrice.obj
d:\vs\radio-track\radio_track\x64\release\variability.obj
d:\vs\radio-track\radio_track\x64\release\drawcoverage.obj
d:\vs\radio-track\radio_track\x64\release\formunit.obj
d:\vs\radio-track\radio_track\x64\release\workwithunit.obj
d:\vs\radio-track\radio_track\x64\release\map_widget.obj
d:\vs\radio-track\radio_track\x64\release\fresnelintegral.obj
d:\vs\radio-track\radio_track\x64\release\inversecomplementarycumulativedistributionfunction.obj
d:\vs\radio-track\radio_track\x64\release\sigmahfunction.obj
d:\vs\radio-track\radio_track\x64\release\calculationlosses.obj
d:\vs\radio-track\radio_track\x64\release\drawviscoverage.obj
d:\vs\radio-track\radio_track\x64\release\mapcontrol_req.obj
d:\vs\radio-track\radio_track\x64\release\dynamicinterface.obj
d:\vs\radio-track\radio_track\x64\release\freespaceloss.obj
d:\vs\radio-track\radio_track\x64\release\knifeedgediffraction.obj
d:\vs\radio-track\radio_track\x64\release\validateinputs.obj
d:\vs\radio-track\radio_track\x64\release\color_height.obj
d:\vs\radio-track\radio_track\x64\release\endcoveragepos.obj
d:\vs\radio-track\radio_track\x64\release\paramnet.obj
d:\vs\radio-track\radio_track\x64\release\beginposition.obj
d:\vs\radio-track\radio_track\x64\release\diffractionloss.obj
d:\vs\radio-track\radio_track\x64\release\lineofsightloss.obj
d:\vs\radio-track\radio_track\x64\release\3dform.obj
d:\vs\radio-track\radio_track\x64\release\layermanager_req.obj
d:\vs\radio-track\radio_track\x64\release\tablemodel.obj
d:\vs\radio-track\radio_track\x64\release\topographyseries.obj
d:\vs\radio-track\radio_track\x64\release\vc142.pdb
d:\vs\radio-track\radio_track\x64\release\moc\moc_radio_track.cpp
d:\vs\radio-track\radio_track\x64\release\moc\moc_map_widget.cpp
d:\vs\radio-track\radio_track\x64\release\moc\moc_widgetcoordinate.cpp
d:\vs\radio-track\radio_track\x64\release\moc\moc_factory.cpp
d:\vs\radio-track\radio_track\x64\release\moc\moc_interfacedrawrt.cpp
d:\vs\radio-track\radio_track\x64\release\moc\moc_drawstep.cpp
d:\vs\radio-track\radio_track\x64\release\moc\moc_baseinterface.cpp
d:\vs\radio-track\radio_track\x64\release\moc\moc_paramnet.cpp
d:\vs\radio-track\radio_track\x64\release\moc\moc_settingshardware.cpp
d:\vs\radio-track\radio_track\x64\release\moc\moc_dynamicinterface.cpp
d:\vs\radio-track\radio_track\x64\release\moc\moc_formunit.cpp
d:\vs\radio-track\radio_track\x64\release\moc\moc_workwithunit.cpp
d:\vs\radio-track\radio_track\x64\release\moc\moc_settingsform.cpp
d:\vs\radio-track\radio_track\x64\release\moc\moc_surfacegraph.cpp
d:\vs\radio-track\radio_track\x64\release\moc\moc_topographyseries.cpp
d:\vs\radio-track\radio_track\x64\release\moc\moc_imagemanager_req.cpp
d:\vs\radio-track\radio_track\x64\release\moc\moc_layermanager_req.cpp
d:\vs\radio-track\radio_track\x64\release\moc\moc_layer_req.cpp
d:\vs\radio-track\radio_track\x64\release\moc\moc_mapcontrol_req.cpp
d:\vs\radio-track\radio_track\x64\release\moc\moc_3dform.cpp
d:\vs\radio-track\radio_track\x64\release\moc\moc_tablemodel.cpp
d:\vs\radio-track\radio_track\x64\release\moc\moc_todegree.cpp
d:\vs\radio-track\radio_track\x64\release\moc\moc_settingcontroll.cpp
d:\vs\radio-track\radio_track\x64\release\uic\ui_3dform.h
d:\vs\radio-track\radio_track\x64\release\uic\ui_formunit.h
d:\vs\radio-track\radio_track\x64\release\uic\ui_radio_track.h
d:\vs\radio-track\radio_track\x64\release\uic\ui_settingshardware.h
d:\vs\radio-track\radio_track\x64\release\uic\ui_settingswidget.h
d:\vs\radio-track\radio_track\x64\release\uic\ui_test.h
d:\vs\radio-track\radio_track\x64\release\rcc\qrc_radio_track.cpp
d:\vs\radio-track\radio_track\x64\release\radio_track.tlog\cl.10668.write.1.tlog
d:\vs\radio-track\radio_track\x64\release\radio_track.tlog\cl.command.1.tlog
d:\vs\radio-track\radio_track\x64\release\radio_track.tlog\cl.read.1.tlog
d:\vs\radio-track\radio_track\x64\release\radio_track.tlog\link.command.1.tlog
d:\vs\radio-track\radio_track\x64\release\radio_track.tlog\link.read.1.tlog
d:\vs\radio-track\radio_track\x64\release\radio_track.tlog\link.write.1.tlog
d:\vs\radio-track\radio_track\x64\release\radio_track.tlog\moc.read.1u.tlog
d:\vs\radio-track\radio_track\x64\release\radio_track.tlog\moc.write.1u.tlog
d:\vs\radio-track\radio_track\x64\release\radio_track.tlog\radio_track.write.1u.tlog
d:\vs\radio-track\radio_track\x64\release\radio_track.tlog\rcc.read.1u.tlog
d:\vs\radio-track\radio_track\x64\release\radio_track.tlog\rcc.write.1u.tlog
d:\vs\radio-track\radio_track\x64\release\radio_track.tlog\uic.read.1u.tlog
d:\vs\radio-track\radio_track\x64\release\radio_track.tlog\uic.write.1u.tlog
