  calculationLosses.cpp
     Creating library D:\VS\radio-track\x64\Release\radio_track.lib and object D:\VS\radio-track\x64\Release\radio_track.exp
  radio_track.vcxproj -> D:\VS\radio-track\x64\Release\radio_track.exe
  D:\VS\radio-track\x64\Release\radio_track.exe 64 bit, release executable
  Skipping plugin qtvirtualkeyboardplugin.dll due to disabled dependencies (Qt5Qml Qt5Quick).
  Skipping plugin qtvirtualkeyboard_hangul.dll due to disabled dependencies (Qt5Qml Qt5Quick).
  Skipping plugin qtvirtualkeyboard_openwnn.dll due to disabled dependencies (Qt5Qml Qt5Quick).
  Skipping plugin qtvirtualkeyboard_pinyin.dll due to disabled dependencies (Qt5Qml Qt5Quick).
  Skipping plugin qtvirtualkeyboard_tcime.dll due to disabled dependencies (Qt5Qml Qt5Quick).
  Skipping plugin qtvirtualkeyboard_thai.dll due to disabled dependencies (Qt5Qml Qt5Quick).
  Direct dependencies: Qt5Core Qt5Gui Qt5Svg Qt5Widgets
  All dependencies   : Qt5Core Qt5Gui Qt5Svg Qt5Widgets
  To be deployed     : Qt5Core Qt5Gui Qt5Svg Qt5Widgets
EXEC : warning : Cannot find Visual Studio installation directory, VCINSTALLDIR is not set.
  Qt5DataVisualization.dll is up to date.
  Qt5Core.dll is up to date.
  Qt5Gui.dll is up to date.
  Qt5Svg.dll is up to date.
  Qt5Widgets.dll is up to date.
  libGLESV2.dll is up to date.
  libEGL.dll is up to date.
  D3Dcompiler_47.dll is up to date.
  Patching Qt5Core.dll...
  qsvgicon.dll is up to date.
  qgif.dll is up to date.
  qicns.dll is up to date.
  qico.dll is up to date.
  qjpeg.dll is up to date.
  qsvg.dll is up to date.
  qtga.dll is up to date.
  qtiff.dll is up to date.
  qwbmp.dll is up to date.
  qwebp.dll is up to date.
  qwindows.dll is up to date.
  qwindowsvistastyle.dll is up to date.
