d:\vs\radio-track\map-lib\release\moc_createplacemapextention.obj
d:\vs\radio-track\map-lib\release\moc_emptymapadapter.obj
d:\vs\radio-track\map-lib\release\moc_geometrylayer.obj
d:\vs\radio-track\map-lib\release\moc_layermanager.obj
d:\vs\radio-track\map-lib\release\moc_mapextentionmanager.obj
d:\vs\radio-track\map-lib\release\moc_mapnetworkfactory.obj
d:\vs\radio-track\map-lib\release\moc_citylabel.obj
d:\vs\radio-track\map-lib\release\moc_curve.obj
d:\vs\radio-track\map-lib\release\moc_geometryinfomapextention.obj
d:\vs\radio-track\map-lib\release\moc_mapadapter.obj
d:\vs\radio-track\map-lib\release\moc_mapextention.obj
d:\vs\radio-track\map-lib\release\moc_objectmovemapextention.obj
d:\vs\radio-track\map-lib\release\moc_sectorselectionmapextention.obj
d:\vs\radio-track\map-lib\release\moc_tilemapadapter.obj
d:\vs\radio-track\map-lib\release\moc_checkablemapextention.obj
d:\vs\radio-track\map-lib\release\moc_createrppmapextention.obj
d:\vs\radio-track\map-lib\release\moc_geometrycreatormapextention.obj
d:\vs\radio-track\map-lib\release\moc_linestring.obj
d:\vs\radio-track\map-lib\release\moc_maplocalworker.obj
d:\vs\radio-track\map-lib\release\moc_point.obj
d:\vs\radio-track\map-lib\release\moc_selectormapextention.obj
d:\vs\radio-track\map-lib\release\moc_zoominmapextention.obj
d:\vs\radio-track\map-lib\release\moc_coordinatenetmapextention.obj
d:\vs\radio-track\map-lib\release\moc_ellipseselectionmapextention.obj
d:\vs\radio-track\map-lib\release\moc_imagemanager.obj
d:\vs\radio-track\map-lib\release\moc_mapcontrol.obj
d:\vs\radio-track\map-lib\release\moc_mapnetwork.obj
d:\vs\radio-track\map-lib\release\moc_rectangleselectionmapextention.obj
d:\vs\radio-track\map-lib\release\moc_showallmapextention.obj
d:\vs\radio-track\map-lib\release\moc_createorientedrppmapextention.obj
d:\vs\radio-track\map-lib\release\moc_geometry.obj
d:\vs\radio-track\map-lib\release\moc_layer.obj
d:\vs\radio-track\map-lib\release\moc_mapempty.obj
d:\vs\radio-track\map-lib\release\moc_maplocalpath.obj
d:\vs\radio-track\map-lib\release\moc_scrollzoommapextention.obj
d:\vs\radio-track\map-lib\release\moc_showgeometrymapextention.obj
d:\vs\radio-track\map-lib\release\moc_createimagemapextention.obj
d:\vs\radio-track\map-lib\release\moc_cursorposmapextention.obj
d:\vs\radio-track\map-lib\release\moc_image.obj
d:\vs\radio-track\map-lib\release\moc_lengthmeasuremapextention.obj
d:\vs\radio-track\map-lib\release\moc_maplocalindexfile.obj
d:\vs\radio-track\map-lib\release\moc_persistentmapextention.obj
d:\vs\radio-track\map-lib\release\moc_selectionmapextention.obj
d:\vs\radio-track\map-lib\release\moc_zoomoutmapextention.obj
d:\vs\radio-track\map-lib\release\moc_citylabelsmapextention.obj
d:\vs\radio-track\map-lib\release\moc_createregionmapextention.obj
d:\vs\radio-track\map-lib\release\moc_geometryprocessormapextention.obj
d:\vs\radio-track\map-lib\release\moc_layerswitchmapextention.obj
d:\vs\radio-track\map-lib\release\moc_maplayer.obj
d:\vs\radio-track\map-lib\release\moc_peleng.obj
d:\vs\radio-track\map-lib\release\moc_sector.obj
d:\vs\radio-track\map-lib\release\moc_staticgeometry.obj
d:\vs\radio-track\map-lib\release\moc_createpelengmapextention.obj
d:\vs\radio-track\map-lib\release\moc_createsectormapextention.obj
d:\vs\radio-track\map-lib\release\moc_geometryconnectormapextention.obj
d:\vs\radio-track\map-lib\release\moc_localmapadapter.obj
d:\vs\radio-track\map-lib\release\moc_maploader.obj
d:\vs\radio-track\map-lib\release\moc_mapnetworkclient.obj
d:\vs\radio-track\map-lib\release\circlepoint.obj
d:\vs\radio-track\map-lib\release\createregionmapextention.obj
d:\vs\radio-track\map-lib\release\fixedimageoverlay.obj
d:\vs\radio-track\map-lib\release\geometryprocessormapextention.obj
d:\vs\radio-track\map-lib\release\localmapadapter.obj
d:\vs\radio-track\map-lib\release\maplocalindexfile.obj
d:\vs\radio-track\map-lib\release\point.obj
d:\vs\radio-track\map-lib\release\sector.obj
d:\vs\radio-track\map-lib\release\staticgeometry.obj
d:\vs\radio-track\map-lib\release\coordinatetranslator.obj
d:\vs\radio-track\map-lib\release\createpelengmapextention.obj
d:\vs\radio-track\map-lib\release\distanceconverters.obj
d:\vs\radio-track\map-lib\release\geometry.obj
d:\vs\radio-track\map-lib\release\image.obj
d:\vs\radio-track\map-lib\release\mapadapter.obj
d:\vs\radio-track\map-lib\release\mapnetwork.obj
d:\vs\radio-track\map-lib\release\place.obj
d:\vs\radio-track\map-lib\release\scrollzoommapextention.obj
d:\vs\radio-track\map-lib\release\showgeometrymapextention.obj
d:\vs\radio-track\map-lib\release\citylabel.obj
d:\vs\radio-track\map-lib\release\createrppmapextention.obj
d:\vs\radio-track\map-lib\release\geometryconnectormapextention.obj
d:\vs\radio-track\map-lib\release\layer.obj
d:\vs\radio-track\map-lib\release\mapextention.obj
d:\vs\radio-track\map-lib\release\mapnetworkfactory.obj
d:\vs\radio-track\map-lib\release\createorientedrppmapextention.obj
d:\vs\radio-track\map-lib\release\curve.obj
d:\vs\radio-track\map-lib\release\geometryinfomapextention.obj
d:\vs\radio-track\map-lib\release\lengthmeasuremapextention.obj
d:\vs\radio-track\map-lib\release\mapextentionmanager.obj
d:\vs\radio-track\map-lib\release\mapnetworkclient.obj
d:\vs\radio-track\map-lib\release\citylabelsmapextention.obj
d:\vs\radio-track\map-lib\release\geometrylayer.obj
d:\vs\radio-track\map-lib\release\linestring.obj
d:\vs\radio-track\map-lib\release\maplocalworker.obj
d:\vs\radio-track\map-lib\release\persistentmapextention.obj
d:\vs\radio-track\map-lib\release\rpplabeled.obj
d:\vs\radio-track\map-lib\release\selectormapextention.obj
d:\vs\radio-track\map-lib\release\tilemapadapter.obj
d:\vs\radio-track\map-lib\release\checkablemapextention.obj
d:\vs\radio-track\map-lib\release\createsectormapextention.obj
d:\vs\radio-track\map-lib\release\ellipseselectionmapextention.obj
d:\vs\radio-track\map-lib\release\imagemanager.obj
d:\vs\radio-track\map-lib\release\mapcontrol.obj
d:\vs\radio-track\map-lib\release\objectmovemapextention.obj
d:\vs\radio-track\map-lib\release\region.obj
d:\vs\radio-track\map-lib\release\sectorselectionmapextention.obj
d:\vs\radio-track\map-lib\release\zoomoutmapextention.obj
d:\vs\radio-track\map-lib\release\coordinatenetmapextention.obj
d:\vs\radio-track\map-lib\release\cursorposmapextention.obj
d:\vs\radio-track\map-lib\release\geometrycreatormapextention.obj
d:\vs\radio-track\map-lib\release\layermanager.obj
d:\vs\radio-track\map-lib\release\maplayer.obj
d:\vs\radio-track\map-lib\release\peleng.obj
d:\vs\radio-track\map-lib\release\rectangleselectionmapextention.obj
d:\vs\radio-track\map-lib\release\selectionmapextention.obj
d:\vs\radio-track\map-lib\release\zoomleveldistances.obj
d:\vs\radio-track\map-lib\release\createimagemapextention.obj
d:\vs\radio-track\map-lib\release\createplacemapextention.obj
d:\vs\radio-track\map-lib\release\emptymapadapter.obj
d:\vs\radio-track\map-lib\release\gps_position.obj
d:\vs\radio-track\map-lib\release\layerswitchmapextention.obj
d:\vs\radio-track\map-lib\release\maplocalpath.obj
d:\vs\radio-track\map-lib\release\pelengbase.obj
d:\vs\radio-track\map-lib\release\rpp.obj
d:\vs\radio-track\map-lib\release\showallmapextention.obj
d:\vs\radio-track\map-lib\release\zoominmapextention.obj
d:\vs\radio-track\map-lib\release\moc_predefs.h
d:\vs\radio-track\lib\map-lib.lib
d:\vs\radio-track\map-lib\release\moc_checkablemapextention.cpp
d:\vs\radio-track\map-lib\release\moc_citylabel.cpp
d:\vs\radio-track\map-lib\release\moc_citylabelsmapextention.cpp
d:\vs\radio-track\map-lib\release\moc_coordinatenetmapextention.cpp
d:\vs\radio-track\map-lib\release\moc_createimagemapextention.cpp
d:\vs\radio-track\map-lib\release\moc_createorientedrppmapextention.cpp
d:\vs\radio-track\map-lib\release\moc_createpelengmapextention.cpp
d:\vs\radio-track\map-lib\release\moc_createplacemapextention.cpp
d:\vs\radio-track\map-lib\release\moc_createregionmapextention.cpp
d:\vs\radio-track\map-lib\release\moc_createrppmapextention.cpp
d:\vs\radio-track\map-lib\release\moc_createsectormapextention.cpp
d:\vs\radio-track\map-lib\release\moc_cursorposmapextention.cpp
d:\vs\radio-track\map-lib\release\moc_curve.cpp
d:\vs\radio-track\map-lib\release\moc_ellipseselectionmapextention.cpp
d:\vs\radio-track\map-lib\release\moc_emptymapadapter.cpp
d:\vs\radio-track\map-lib\release\moc_geometry.cpp
d:\vs\radio-track\map-lib\release\moc_geometryconnectormapextention.cpp
d:\vs\radio-track\map-lib\release\moc_geometrycreatormapextention.cpp
d:\vs\radio-track\map-lib\release\moc_geometryinfomapextention.cpp
d:\vs\radio-track\map-lib\release\moc_geometrylayer.cpp
d:\vs\radio-track\map-lib\release\moc_geometryprocessormapextention.cpp
d:\vs\radio-track\map-lib\release\moc_image.cpp
d:\vs\radio-track\map-lib\release\moc_imagemanager.cpp
d:\vs\radio-track\map-lib\release\moc_layer.cpp
d:\vs\radio-track\map-lib\release\moc_layermanager.cpp
d:\vs\radio-track\map-lib\release\moc_layerswitchmapextention.cpp
d:\vs\radio-track\map-lib\release\moc_lengthmeasuremapextention.cpp
d:\vs\radio-track\map-lib\release\moc_linestring.cpp
d:\vs\radio-track\map-lib\release\moc_localmapadapter.cpp
d:\vs\radio-track\map-lib\release\moc_mapadapter.cpp
d:\vs\radio-track\map-lib\release\moc_mapcontrol.cpp
d:\vs\radio-track\map-lib\release\moc_mapempty.cpp
d:\vs\radio-track\map-lib\release\moc_mapextention.cpp
d:\vs\radio-track\map-lib\release\moc_mapextentionmanager.cpp
d:\vs\radio-track\map-lib\release\moc_maplayer.cpp
d:\vs\radio-track\map-lib\release\moc_maploader.cpp
d:\vs\radio-track\map-lib\release\moc_maplocalindexfile.cpp
d:\vs\radio-track\map-lib\release\moc_maplocalpath.cpp
d:\vs\radio-track\map-lib\release\moc_maplocalworker.cpp
d:\vs\radio-track\map-lib\release\moc_mapnetwork.cpp
d:\vs\radio-track\map-lib\release\moc_mapnetworkclient.cpp
d:\vs\radio-track\map-lib\release\moc_mapnetworkfactory.cpp
d:\vs\radio-track\map-lib\release\moc_objectmovemapextention.cpp
d:\vs\radio-track\map-lib\release\moc_peleng.cpp
d:\vs\radio-track\map-lib\release\moc_persistentmapextention.cpp
d:\vs\radio-track\map-lib\release\moc_point.cpp
d:\vs\radio-track\map-lib\release\moc_rectangleselectionmapextention.cpp
d:\vs\radio-track\map-lib\release\moc_scrollzoommapextention.cpp
d:\vs\radio-track\map-lib\release\moc_sector.cpp
d:\vs\radio-track\map-lib\release\moc_sectorselectionmapextention.cpp
d:\vs\radio-track\map-lib\release\moc_selectionmapextention.cpp
d:\vs\radio-track\map-lib\release\moc_selectormapextention.cpp
d:\vs\radio-track\map-lib\release\moc_showallmapextention.cpp
d:\vs\radio-track\map-lib\release\moc_showgeometrymapextention.cpp
d:\vs\radio-track\map-lib\release\moc_staticgeometry.cpp
d:\vs\radio-track\map-lib\release\moc_tilemapadapter.cpp
d:\vs\radio-track\map-lib\release\moc_zoominmapextention.cpp
d:\vs\radio-track\map-lib\release\moc_zoomoutmapextention.cpp
d:\vs\radio-track\map-lib\release\map-lib.tlog\cl.12624.write.1.tlog
d:\vs\radio-track\map-lib\release\map-lib.tlog\cl.command.1.tlog
d:\vs\radio-track\map-lib\release\map-lib.tlog\cl.read.1.tlog
d:\vs\radio-track\map-lib\release\map-lib.tlog\custombuild.command.1.tlog
d:\vs\radio-track\map-lib\release\map-lib.tlog\custombuild.read.1.tlog
d:\vs\radio-track\map-lib\release\map-lib.tlog\custombuild.write.1.tlog
d:\vs\radio-track\map-lib\release\map-lib.tlog\lib-link.read.1.tlog
d:\vs\radio-track\map-lib\release\map-lib.tlog\lib-link.write.1.tlog
d:\vs\radio-track\map-lib\release\map-lib.tlog\lib.command.1.tlog
d:\vs\radio-track\map-lib\release\map-lib.tlog\map-lib.write.1u.tlog
d:\vs\radio-track\map-lib\release\map-lib.tlog\moc.read.1u.tlog
d:\vs\radio-track\map-lib\release\map-lib.tlog\moc.write.1u.tlog
