d:\vs\radio-track\map-lib\debug\moc_checkablemapextention.obj
d:\vs\radio-track\map-lib\debug\moc_createrppmapextention.obj
d:\vs\radio-track\map-lib\debug\moc_geometryconnectormapextention.obj
d:\vs\radio-track\map-lib\debug\moc_layermanager.obj
d:\vs\radio-track\map-lib\debug\moc_mapextention.obj
d:\vs\radio-track\map-lib\debug\moc_mapnetwork.obj
d:\vs\radio-track\map-lib\debug\moc_rectangleselectionmapextention.obj
d:\vs\radio-track\map-lib\debug\moc_showallmapextention.obj
d:\vs\radio-track\map-lib\debug\moc_coordinatenetmapextention.obj
d:\vs\radio-track\map-lib\debug\moc_geometry.obj
d:\vs\radio-track\map-lib\debug\moc_geometryinfomapextention.obj
d:\vs\radio-track\map-lib\debug\moc_mapcontrol.obj
d:\vs\radio-track\map-lib\debug\moc_mapnetworkclient.obj
d:\vs\radio-track\map-lib\debug\moc_citylabelsmapextention.obj
d:\vs\radio-track\map-lib\debug\moc_ellipseselectionmapextention.obj
d:\vs\radio-track\map-lib\debug\moc_image.obj
d:\vs\radio-track\map-lib\debug\moc_mapempty.obj
d:\vs\radio-track\map-lib\debug\moc_maplocalworker.obj
d:\vs\radio-track\map-lib\debug\moc_point.obj
d:\vs\radio-track\map-lib\debug\moc_selectormapextention.obj
d:\vs\radio-track\map-lib\debug\moc_zoomoutmapextention.obj
d:\vs\radio-track\map-lib\debug\moc_createpelengmapextention.obj
d:\vs\radio-track\map-lib\debug\moc_createsectormapextention.obj
d:\vs\radio-track\map-lib\debug\moc_layer.obj
d:\vs\radio-track\map-lib\debug\moc_localmapadapter.obj
d:\vs\radio-track\map-lib\debug\moc_maploader.obj
d:\vs\radio-track\map-lib\debug\moc_mapnetworkfactory.obj
d:\vs\radio-track\map-lib\debug\moc_createplacemapextention.obj
d:\vs\radio-track\map-lib\debug\moc_cursorposmapextention.obj
d:\vs\radio-track\map-lib\debug\moc_imagemanager.obj
d:\vs\radio-track\map-lib\debug\moc_layerswitchmapextention.obj
d:\vs\radio-track\map-lib\debug\moc_mapextentionmanager.obj
d:\vs\radio-track\map-lib\debug\moc_objectmovemapextention.obj
d:\vs\radio-track\map-lib\debug\moc_sector.obj
d:\vs\radio-track\map-lib\debug\moc_staticgeometry.obj
d:\vs\radio-track\map-lib\debug\moc_createorientedrppmapextention.obj
d:\vs\radio-track\map-lib\debug\moc_curve.obj
d:\vs\radio-track\map-lib\debug\moc_geometryprocessormapextention.obj
d:\vs\radio-track\map-lib\debug\moc_mapadapter.obj
d:\vs\radio-track\map-lib\debug\moc_maplayer.obj
d:\vs\radio-track\map-lib\debug\moc_peleng.obj
d:\vs\radio-track\map-lib\debug\moc_sectorselectionmapextention.obj
d:\vs\radio-track\map-lib\debug\moc_tilemapadapter.obj
d:\vs\radio-track\map-lib\debug\moc_citylabel.obj
d:\vs\radio-track\map-lib\debug\moc_createregionmapextention.obj
d:\vs\radio-track\map-lib\debug\moc_geometrycreatormapextention.obj
d:\vs\radio-track\map-lib\debug\moc_linestring.obj
d:\vs\radio-track\map-lib\debug\moc_maplocalpath.obj
d:\vs\radio-track\map-lib\debug\moc_scrollzoommapextention.obj
d:\vs\radio-track\map-lib\debug\moc_showgeometrymapextention.obj
d:\vs\radio-track\map-lib\debug\moc_createimagemapextention.obj
d:\vs\radio-track\map-lib\debug\moc_emptymapadapter.obj
d:\vs\radio-track\map-lib\debug\moc_geometrylayer.obj
d:\vs\radio-track\map-lib\debug\moc_lengthmeasuremapextention.obj
d:\vs\radio-track\map-lib\debug\moc_maplocalindexfile.obj
d:\vs\radio-track\map-lib\debug\moc_persistentmapextention.obj
d:\vs\radio-track\map-lib\debug\moc_selectionmapextention.obj
d:\vs\radio-track\map-lib\debug\moc_zoominmapextention.obj
d:\vs\radio-track\map-lib\debug\citylabel.obj
d:\vs\radio-track\map-lib\debug\createrppmapextention.obj
d:\vs\radio-track\map-lib\debug\ellipseselectionmapextention.obj
d:\vs\radio-track\map-lib\debug\geometrylayer.obj
d:\vs\radio-track\map-lib\debug\layerswitchmapextention.obj
d:\vs\radio-track\map-lib\debug\maplayer.obj
d:\vs\radio-track\map-lib\debug\peleng.obj
d:\vs\radio-track\map-lib\debug\rpplabeled.obj
d:\vs\radio-track\map-lib\debug\selectormapextention.obj
d:\vs\radio-track\map-lib\debug\tilemapadapter.obj
d:\vs\radio-track\map-lib\debug\createimagemapextention.obj
d:\vs\radio-track\map-lib\debug\distanceconverters.obj
d:\vs\radio-track\map-lib\debug\geometrycreatormapextention.obj
d:\vs\radio-track\map-lib\debug\image.obj
d:\vs\radio-track\map-lib\debug\mapadapter.obj
d:\vs\radio-track\map-lib\debug\mapnetwork.obj
d:\vs\radio-track\map-lib\debug\point.obj
d:\vs\radio-track\map-lib\debug\scrollzoommapextention.obj
d:\vs\radio-track\map-lib\debug\staticgeometry.obj
d:\vs\radio-track\map-lib\debug\coordinatenetmapextention.obj
d:\vs\radio-track\map-lib\debug\curve.obj
d:\vs\radio-track\map-lib\debug\geometryconnectormapextention.obj
d:\vs\radio-track\map-lib\debug\layermanager.obj
d:\vs\radio-track\map-lib\debug\mapextentionmanager.obj
d:\vs\radio-track\map-lib\debug\objectmovemapextention.obj
d:\vs\radio-track\map-lib\debug\place.obj
d:\vs\radio-track\map-lib\debug\sector.obj
d:\vs\radio-track\map-lib\debug\showgeometrymapextention.obj
d:\vs\radio-track\map-lib\debug\zoominmapextention.obj
d:\vs\radio-track\map-lib\debug\coordinatetranslator.obj
d:\vs\radio-track\map-lib\debug\createregionmapextention.obj
d:\vs\radio-track\map-lib\debug\createsectormapextention.obj
d:\vs\radio-track\map-lib\debug\geometry.obj
d:\vs\radio-track\map-lib\debug\gps_position.obj
d:\vs\radio-track\map-lib\debug\linestring.obj
d:\vs\radio-track\map-lib\debug\mapextention.obj
d:\vs\radio-track\map-lib\debug\mapnetworkclient.obj
d:\vs\radio-track\map-lib\debug\circlepoint.obj
d:\vs\radio-track\map-lib\debug\createorientedrppmapextention.obj
d:\vs\radio-track\map-lib\debug\cursorposmapextention.obj
d:\vs\radio-track\map-lib\debug\geometryprocessormapextention.obj
d:\vs\radio-track\map-lib\debug\lengthmeasuremapextention.obj
d:\vs\radio-track\map-lib\debug\maplocalpath.obj
d:\vs\radio-track\map-lib\debug\pelengbase.obj
d:\vs\radio-track\map-lib\debug\region.obj
d:\vs\radio-track\map-lib\debug\sectorselectionmapextention.obj
d:\vs\radio-track\map-lib\debug\zoomoutmapextention.obj
d:\vs\radio-track\map-lib\debug\citylabelsmapextention.obj
d:\vs\radio-track\map-lib\debug\layer.obj
d:\vs\radio-track\map-lib\debug\maplocalworker.obj
d:\vs\radio-track\map-lib\debug\rectangleselectionmapextention.obj
d:\vs\radio-track\map-lib\debug\selectionmapextention.obj
d:\vs\radio-track\map-lib\debug\checkablemapextention.obj
d:\vs\radio-track\map-lib\debug\createplacemapextention.obj
d:\vs\radio-track\map-lib\debug\fixedimageoverlay.obj
d:\vs\radio-track\map-lib\debug\geometryinfomapextention.obj
d:\vs\radio-track\map-lib\debug\localmapadapter.obj
d:\vs\radio-track\map-lib\debug\maplocalindexfile.obj
d:\vs\radio-track\map-lib\debug\persistentmapextention.obj
d:\vs\radio-track\map-lib\debug\rpp.obj
d:\vs\radio-track\map-lib\debug\showallmapextention.obj
d:\vs\radio-track\map-lib\debug\createpelengmapextention.obj
d:\vs\radio-track\map-lib\debug\emptymapadapter.obj
d:\vs\radio-track\map-lib\debug\imagemanager.obj
d:\vs\radio-track\map-lib\debug\mapcontrol.obj
d:\vs\radio-track\map-lib\debug\mapnetworkfactory.obj
d:\vs\radio-track\map-lib\debug\zoomleveldistances.obj
d:\vs\radio-track\lib\map-lib.pdb
d:\vs\radio-track\map-lib\debug\moc_predefs.h
d:\vs\radio-track\lib\map-lib.lib
d:\vs\radio-track\map-lib\debug\moc_checkablemapextention.cpp
d:\vs\radio-track\map-lib\debug\moc_citylabel.cpp
d:\vs\radio-track\map-lib\debug\moc_citylabelsmapextention.cpp
d:\vs\radio-track\map-lib\debug\moc_coordinatenetmapextention.cpp
d:\vs\radio-track\map-lib\debug\moc_createimagemapextention.cpp
d:\vs\radio-track\map-lib\debug\moc_createorientedrppmapextention.cpp
d:\vs\radio-track\map-lib\debug\moc_createpelengmapextention.cpp
d:\vs\radio-track\map-lib\debug\moc_createplacemapextention.cpp
d:\vs\radio-track\map-lib\debug\moc_createregionmapextention.cpp
d:\vs\radio-track\map-lib\debug\moc_createrppmapextention.cpp
d:\vs\radio-track\map-lib\debug\moc_createsectormapextention.cpp
d:\vs\radio-track\map-lib\debug\moc_cursorposmapextention.cpp
d:\vs\radio-track\map-lib\debug\moc_curve.cpp
d:\vs\radio-track\map-lib\debug\moc_ellipseselectionmapextention.cpp
d:\vs\radio-track\map-lib\debug\moc_emptymapadapter.cpp
d:\vs\radio-track\map-lib\debug\moc_geometry.cpp
d:\vs\radio-track\map-lib\debug\moc_geometryconnectormapextention.cpp
d:\vs\radio-track\map-lib\debug\moc_geometrycreatormapextention.cpp
d:\vs\radio-track\map-lib\debug\moc_geometryinfomapextention.cpp
d:\vs\radio-track\map-lib\debug\moc_geometrylayer.cpp
d:\vs\radio-track\map-lib\debug\moc_geometryprocessormapextention.cpp
d:\vs\radio-track\map-lib\debug\moc_image.cpp
d:\vs\radio-track\map-lib\debug\moc_imagemanager.cpp
d:\vs\radio-track\map-lib\debug\moc_layer.cpp
d:\vs\radio-track\map-lib\debug\moc_layermanager.cpp
d:\vs\radio-track\map-lib\debug\moc_layerswitchmapextention.cpp
d:\vs\radio-track\map-lib\debug\moc_lengthmeasuremapextention.cpp
d:\vs\radio-track\map-lib\debug\moc_linestring.cpp
d:\vs\radio-track\map-lib\debug\moc_localmapadapter.cpp
d:\vs\radio-track\map-lib\debug\moc_mapadapter.cpp
d:\vs\radio-track\map-lib\debug\moc_mapcontrol.cpp
d:\vs\radio-track\map-lib\debug\moc_mapempty.cpp
d:\vs\radio-track\map-lib\debug\moc_mapextention.cpp
d:\vs\radio-track\map-lib\debug\moc_mapextentionmanager.cpp
d:\vs\radio-track\map-lib\debug\moc_maplayer.cpp
d:\vs\radio-track\map-lib\debug\moc_maploader.cpp
d:\vs\radio-track\map-lib\debug\moc_maplocalindexfile.cpp
d:\vs\radio-track\map-lib\debug\moc_maplocalpath.cpp
d:\vs\radio-track\map-lib\debug\moc_maplocalworker.cpp
d:\vs\radio-track\map-lib\debug\moc_mapnetwork.cpp
d:\vs\radio-track\map-lib\debug\moc_mapnetworkclient.cpp
d:\vs\radio-track\map-lib\debug\moc_mapnetworkfactory.cpp
d:\vs\radio-track\map-lib\debug\moc_objectmovemapextention.cpp
d:\vs\radio-track\map-lib\debug\moc_peleng.cpp
d:\vs\radio-track\map-lib\debug\moc_persistentmapextention.cpp
d:\vs\radio-track\map-lib\debug\moc_point.cpp
d:\vs\radio-track\map-lib\debug\moc_rectangleselectionmapextention.cpp
d:\vs\radio-track\map-lib\debug\moc_scrollzoommapextention.cpp
d:\vs\radio-track\map-lib\debug\moc_sector.cpp
d:\vs\radio-track\map-lib\debug\moc_sectorselectionmapextention.cpp
d:\vs\radio-track\map-lib\debug\moc_selectionmapextention.cpp
d:\vs\radio-track\map-lib\debug\moc_selectormapextention.cpp
d:\vs\radio-track\map-lib\debug\moc_showallmapextention.cpp
d:\vs\radio-track\map-lib\debug\moc_showgeometrymapextention.cpp
d:\vs\radio-track\map-lib\debug\moc_staticgeometry.cpp
d:\vs\radio-track\map-lib\debug\moc_tilemapadapter.cpp
d:\vs\radio-track\map-lib\debug\moc_zoominmapextention.cpp
d:\vs\radio-track\map-lib\debug\moc_zoomoutmapextention.cpp
d:\vs\radio-track\map-lib\debug\map-lib.tlog\cl.11696.write.1.tlog
d:\vs\radio-track\map-lib\debug\map-lib.tlog\cl.command.1.tlog
d:\vs\radio-track\map-lib\debug\map-lib.tlog\cl.read.1.tlog
d:\vs\radio-track\map-lib\debug\map-lib.tlog\custombuild.command.1.tlog
d:\vs\radio-track\map-lib\debug\map-lib.tlog\custombuild.read.1.tlog
d:\vs\radio-track\map-lib\debug\map-lib.tlog\custombuild.write.1.tlog
d:\vs\radio-track\map-lib\debug\map-lib.tlog\lib-link.read.1.tlog
d:\vs\radio-track\map-lib\debug\map-lib.tlog\lib-link.write.1.tlog
d:\vs\radio-track\map-lib\debug\map-lib.tlog\lib.command.1.tlog
d:\vs\radio-track\map-lib\debug\map-lib.tlog\map-lib.write.1u.tlog
d:\vs\radio-track\map-lib\debug\map-lib.tlog\moc.read.1u.tlog
d:\vs\radio-track\map-lib\debug\map-lib.tlog\moc.write.1u.tlog
