d:\vs\radio-track\radio_track\x64\debug\initializearea.obj
d:\vs\radio-track\radio_track\x64\debug\itm_p2p.obj
d:\vs\radio-track\radio_track\x64\debug\sigmahfunction.obj
d:\vs\radio-track\radio_track\x64\debug\calc_coverage.obj
d:\vs\radio-track\radio_track\x64\debug\formunit.obj
d:\vs\radio-track\radio_track\x64\debug\tablemodel.obj
d:\vs\radio-track\radio_track\x64\debug\beginposition.obj
d:\vs\radio-track\radio_track\x64\debug\diffractionloss.obj
d:\vs\radio-track\radio_track\x64\debug\itm_area.obj
d:\vs\radio-track\radio_track\x64\debug\troposcatterloss.obj
d:\vs\radio-track\radio_track\x64\debug\calculationlosses.obj
d:\vs\radio-track\radio_track\x64\debug\drawviscoverage.obj
d:\vs\radio-track\radio_track\x64\debug\mapcontrol_req.obj
d:\vs\radio-track\radio_track\x64\debug\workwithhardware.obj
d:\vs\radio-track\radio_track\x64\debug\surfacegraph.obj
d:\vs\radio-track\radio_track\x64\debug\initializepointtopoint.obj
d:\vs\radio-track\radio_track\x64\debug\lineofsightloss.obj
d:\vs\radio-track\radio_track\x64\debug\terrainroughness.obj
d:\vs\radio-track\radio_track\x64\debug\drawcoverage.obj
d:\vs\radio-track\radio_track\x64\debug\layermanager_req.obj
d:\vs\radio-track\radio_track\x64\debug\main.obj
d:\vs\radio-track\radio_track\x64\debug\fresnelintegral.obj
d:\vs\radio-track\radio_track\x64\debug\quickpfl.obj
d:\vs\radio-track\radio_track\x64\debug\calculatetile.obj
d:\vs\radio-track\radio_track\x64\debug\layer_req.obj
d:\vs\radio-track\radio_track\x64\debug\workwithjson.obj
d:\vs\radio-track\radio_track\x64\debug\freespaceloss.obj
d:\vs\radio-track\radio_track\x64\debug\knifeedgediffraction.obj
d:\vs\radio-track\radio_track\x64\debug\validateinputs.obj
d:\vs\radio-track\radio_track\x64\debug\color_height.obj
d:\vs\radio-track\radio_track\x64\debug\endcoveragepos.obj
d:\vs\radio-track\radio_track\x64\debug\paramnet.obj
d:\vs\radio-track\radio_track\x64\debug\map_widget.obj
d:\vs\radio-track\radio_track\x64\debug\computedeltah.obj
d:\vs\radio-track\radio_track\x64\debug\linearleastsquaresfit.obj
d:\vs\radio-track\radio_track\x64\debug\variability.obj
d:\vs\radio-track\radio_track\x64\debug\calculatepoint.obj
d:\vs\radio-track\radio_track\x64\debug\topographyseries.obj
d:\vs\radio-track\radio_track\x64\debug\h0function.obj
d:\vs\radio-track\radio_track\x64\debug\inversecomplementarycumulativedistributionfunction.obj
d:\vs\radio-track\radio_track\x64\debug\smoothearthdiffraction.obj
d:\vs\radio-track\radio_track\x64\debug\coordinate.obj
d:\vs\radio-track\radio_track\x64\debug\maplayer_req.obj
d:\vs\radio-track\radio_track\x64\debug\workwithunit.obj
d:\vs\radio-track\radio_track\x64\debug\findhorizons.obj
d:\vs\radio-track\radio_track\x64\debug\longleyrice.obj
d:\vs\radio-track\radio_track\x64\debug\3dform.obj
d:\vs\radio-track\radio_track\x64\debug\imagemanager_req.obj
d:\vs\radio-track\radio_track\x64\debug\radio_track.obj
d:\vs\radio-track\radio_track\x64\debug\moc\moc_radio_track.cpp
d:\vs\radio-track\radio_track\x64\debug\moc\moc_map_widget.cpp
d:\vs\radio-track\radio_track\x64\debug\moc\moc_widgetcoordinate.cpp
d:\vs\radio-track\radio_track\x64\debug\moc\moc_factory.cpp
d:\vs\radio-track\radio_track\x64\debug\moc\moc_interfacedrawrt.cpp
d:\vs\radio-track\radio_track\x64\debug\moc\moc_drawstep.cpp
d:\vs\radio-track\radio_track\x64\debug\moc\moc_baseinterface.cpp
d:\vs\radio-track\radio_track\x64\debug\moc\moc_paramnet.cpp
d:\vs\radio-track\radio_track\x64\debug\moc\moc_settingshardware.cpp
d:\vs\radio-track\radio_track\x64\debug\moc\moc_formunit.cpp
d:\vs\radio-track\radio_track\x64\debug\moc\moc_workwithunit.cpp
d:\vs\radio-track\radio_track\x64\debug\moc\moc_settingsform.cpp
d:\vs\radio-track\radio_track\x64\debug\moc\moc_surfacegraph.cpp
d:\vs\radio-track\radio_track\x64\debug\moc\moc_topographyseries.cpp
d:\vs\radio-track\radio_track\x64\debug\moc\moc_imagemanager_req.cpp
d:\vs\radio-track\radio_track\x64\debug\moc\moc_layermanager_req.cpp
d:\vs\radio-track\radio_track\x64\debug\moc\moc_layer_req.cpp
d:\vs\radio-track\radio_track\x64\debug\moc\moc_mapcontrol_req.cpp
d:\vs\radio-track\radio_track\x64\debug\moc\moc_3dform.cpp
d:\vs\radio-track\radio_track\x64\debug\moc\moc_tablemodel.cpp
d:\vs\radio-track\radio_track\x64\debug\moc\moc_todegree.cpp
d:\vs\radio-track\radio_track\x64\debug\moc\moc_settingcontroll.cpp
d:\vs\radio-track\radio_track\x64\debug\moc\moc_dynamicinterface.cpp
d:\vs\radio-track\radio_track\x64\debug\uic\ui_3dform.h
d:\vs\radio-track\radio_track\x64\debug\uic\ui_formunit.h
d:\vs\radio-track\radio_track\x64\debug\uic\ui_radio_track.h
d:\vs\radio-track\radio_track\x64\debug\uic\ui_settingshardware.h
d:\vs\radio-track\radio_track\x64\debug\uic\ui_settingswidget.h
d:\vs\radio-track\radio_track\x64\debug\uic\ui_test.h
d:\vs\radio-track\radio_track\x64\debug\rcc\qrc_radio_track.cpp
d:\vs\radio-track\radio_track\x64\debug\vc142.pdb
d:\vs\radio-track\radio_track\x64\debug\radio_track.tlog\cl.10008.write.1.tlog
d:\vs\radio-track\radio_track\x64\debug\radio_track.tlog\cl.command.1.tlog
d:\vs\radio-track\radio_track\x64\debug\radio_track.tlog\cl.read.1.tlog
d:\vs\radio-track\radio_track\x64\debug\radio_track.tlog\moc.read.1u.tlog
d:\vs\radio-track\radio_track\x64\debug\radio_track.tlog\moc.write.1u.tlog
d:\vs\radio-track\radio_track\x64\debug\radio_track.tlog\radio_track.write.1u.tlog
d:\vs\radio-track\radio_track\x64\debug\radio_track.tlog\rcc.read.1u.tlog
d:\vs\radio-track\radio_track\x64\debug\radio_track.tlog\rcc.write.1u.tlog
d:\vs\radio-track\radio_track\x64\debug\radio_track.tlog\uic.read.1u.tlog
d:\vs\radio-track\radio_track\x64\debug\radio_track.tlog\uic.write.1u.tlog
